{"name":"hexo","hostname":"LamontMac","pid":4278,"level":20,"msg":"Hexo version: \u001b[35m3.2.2\u001b[39m","time":"2016-11-14T07:58:00.721Z","v":0}
{"name":"hexo","hostname":"LamontMac","pid":4278,"level":20,"msg":"Working directory: \u001b[35m~/python/lamontu.github.io/\u001b[39m","time":"2016-11-14T07:58:00.722Z","v":0}
{"name":"hexo","hostname":"LamontMac","pid":4278,"level":20,"msg":"Config loaded: \u001b[35m~/python/lamontu.github.io/_config.yml\u001b[39m","time":"2016-11-14T07:58:00.844Z","v":0}
{"name":"hexo","hostname":"LamontMac","pid":4278,"level":20,"msg":"Plugin loaded: \u001b[35mhexo-deployer-git\u001b[39m","time":"2016-11-14T07:58:00.862Z","v":0}
{"name":"hexo","hostname":"LamontMac","pid":4278,"level":20,"msg":"Plugin loaded: \u001b[35mhexo-generator-archive\u001b[39m","time":"2016-11-14T07:58:00.865Z","v":0}
{"name":"hexo","hostname":"LamontMac","pid":4278,"level":20,"msg":"Plugin loaded: \u001b[35mhexo-generator-category\u001b[39m","time":"2016-11-14T07:58:00.868Z","v":0}
{"name":"hexo","hostname":"LamontMac","pid":4278,"level":20,"msg":"Plugin loaded: \u001b[35mhexo-generator-index\u001b[39m","time":"2016-11-14T07:58:00.870Z","v":0}
{"name":"hexo","hostname":"LamontMac","pid":4278,"level":20,"msg":"Plugin loaded: \u001b[35mhexo-generator-tag\u001b[39m","time":"2016-11-14T07:58:00.871Z","v":0}
{"name":"hexo","hostname":"LamontMac","pid":4278,"level":20,"msg":"Plugin loaded: \u001b[35mhexo-renderer-ejs\u001b[39m","time":"2016-11-14T07:58:00.874Z","v":0}
{"name":"hexo","hostname":"LamontMac","pid":4278,"level":20,"msg":"Plugin loaded: \u001b[35mhexo-renderer-marked\u001b[39m","time":"2016-11-14T07:58:00.882Z","v":0}
{"name":"hexo","hostname":"LamontMac","pid":4278,"level":20,"msg":"Plugin loaded: \u001b[35mhexo-renderer-stylus\u001b[39m","time":"2016-11-14T07:58:00.886Z","v":0}
{"name":"hexo","hostname":"LamontMac","pid":4278,"level":20,"msg":"Plugin loaded: \u001b[35mhexo-server\u001b[39m","time":"2016-11-14T07:58:00.979Z","v":0}
{"name":"hexo","hostname":"LamontMac","pid":4278,"level":20,"msg":"Script loaded: \u001b[35mthemes/next/scripts/merge-configs.js\u001b[39m","time":"2016-11-14T07:58:00.980Z","v":0}
{"name":"hexo","hostname":"LamontMac","pid":4278,"level":20,"msg":"Script loaded: \u001b[35mthemes/next/scripts/tags/center-quote.js\u001b[39m","time":"2016-11-14T07:58:00.980Z","v":0}
{"name":"hexo","hostname":"LamontMac","pid":4278,"level":20,"msg":"Script loaded: \u001b[35mthemes/next/scripts/tags/note.js\u001b[39m","time":"2016-11-14T07:58:00.981Z","v":0}
{"name":"hexo","hostname":"LamontMac","pid":4278,"level":20,"msg":"Script loaded: \u001b[35mthemes/next/scripts/tags/full-image.js\u001b[39m","time":"2016-11-14T07:58:00.981Z","v":0}
{"name":"hexo","hostname":"LamontMac","pid":4278,"level":20,"msg":"Script loaded: \u001b[35mthemes/next/scripts/tags/group-pictures.js\u001b[39m","time":"2016-11-14T07:58:00.983Z","v":0}
{"name":"hexo","hostname":"LamontMac","pid":4278,"level":20,"msg":"Loading database.","time":"2016-11-14T07:58:00.994Z","v":0}
{"name":"hexo","hostname":"LamontMac","pid":4278,"level":30,"msg":"Start processing","time":"2016-11-14T07:58:01.104Z","v":0}
{"name":"hexo","hostname":"LamontMac","pid":4278,"level":20,"msg":"Processed: \u001b[35m_posts/My-New-Post.md\u001b[39m","time":"2016-11-14T07:58:01.213Z","v":0}
{"name":"hexo","hostname":"LamontMac","pid":4278,"level":20,"msg":"Processed: \u001b[35m_posts/hello-world.md\u001b[39m","time":"2016-11-14T07:58:01.214Z","v":0}
{"name":"hexo","hostname":"LamontMac","pid":4278,"level":20,"msg":"Processed: \u001b[35mcategories/index.md\u001b[39m","time":"2016-11-14T07:58:01.243Z","v":0}
{"name":"hexo","hostname":"LamontMac","pid":4278,"level":20,"msg":"Processed: \u001b[35mabout/index.md\u001b[39m","time":"2016-11-14T07:58:01.243Z","v":0}
{"name":"hexo","hostname":"LamontMac","pid":4278,"level":20,"msg":"Processed: \u001b[35mtags/index.md\u001b[39m","time":"2016-11-14T07:58:01.243Z","v":0}
{"name":"hexo","hostname":"LamontMac","pid":4278,"level":20,"msg":"Theme config loaded.","time":"2016-11-14T07:58:01.330Z","v":0}
{"name":"hexo","hostname":"LamontMac","pid":4278,"level":20,"msg":"Processed: \u001b[35m_config.yml\u001b[39m","time":"2016-11-14T07:58:01.337Z","v":0}
{"name":"hexo","hostname":"LamontMac","pid":4278,"level":20,"msg":"Processed: \u001b[35msource/css/main.styl\u001b[39m","time":"2016-11-14T07:58:01.337Z","v":0}
{"name":"hexo","hostname":"LamontMac","pid":4278,"level":20,"msg":"Processed: \u001b[35msource/images/algolia_logo.svg\u001b[39m","time":"2016-11-14T07:58:01.337Z","v":0}
{"name":"hexo","hostname":"LamontMac","pid":4278,"level":20,"msg":"Processed: \u001b[35msource/images/avatar.gif\u001b[39m","time":"2016-11-14T07:58:01.338Z","v":0}
{"name":"hexo","hostname":"LamontMac","pid":4278,"level":20,"msg":"Processed: \u001b[35msource/images/cc-by-nc-nd.svg\u001b[39m","time":"2016-11-14T07:58:01.338Z","v":0}
{"name":"hexo","hostname":"LamontMac","pid":4278,"level":20,"msg":"Processed: \u001b[35msource/images/cc-by-nc-sa.svg\u001b[39m","time":"2016-11-14T07:58:01.339Z","v":0}
{"name":"hexo","hostname":"LamontMac","pid":4278,"level":20,"msg":"Processed: \u001b[35msource/images/cc-by-nd.svg\u001b[39m","time":"2016-11-14T07:58:01.340Z","v":0}
{"name":"hexo","hostname":"LamontMac","pid":4278,"level":20,"msg":"Processed: \u001b[35msource/images/cc-by-sa.svg\u001b[39m","time":"2016-11-14T07:58:01.342Z","v":0}
{"name":"hexo","hostname":"LamontMac","pid":4278,"level":20,"msg":"Processed: \u001b[35msource/images/cc-by-nc.svg\u001b[39m","time":"2016-11-14T07:58:01.343Z","v":0}
{"name":"hexo","hostname":"LamontMac","pid":4278,"level":20,"msg":"Processed: \u001b[35msource/images/cc-by.svg\u001b[39m","time":"2016-11-14T07:58:01.344Z","v":0}
{"name":"hexo","hostname":"LamontMac","pid":4278,"level":20,"msg":"Processed: \u001b[35msource/images/cc-zero.svg\u001b[39m","time":"2016-11-14T07:58:01.344Z","v":0}
{"name":"hexo","hostname":"LamontMac","pid":4278,"level":20,"msg":"Processed: \u001b[35msource/images/placeholder.gif\u001b[39m","time":"2016-11-14T07:58:01.344Z","v":0}
{"name":"hexo","hostname":"LamontMac","pid":4278,"level":20,"msg":"Processed: \u001b[35msource/images/quote-l.svg\u001b[39m","time":"2016-11-14T07:58:01.345Z","v":0}
{"name":"hexo","hostname":"LamontMac","pid":4278,"level":20,"msg":"Processed: \u001b[35msource/images/quote-r.svg\u001b[39m","time":"2016-11-14T07:58:01.345Z","v":0}
{"name":"hexo","hostname":"LamontMac","pid":4278,"level":20,"msg":"Processed: \u001b[35msource/images/searchicon.png\u001b[39m","time":"2016-11-14T07:58:01.345Z","v":0}
{"name":"hexo","hostname":"LamontMac","pid":4278,"level":20,"msg":"Processed: \u001b[35msource/images/loading.gif\u001b[39m","time":"2016-11-14T07:58:01.345Z","v":0}
{"name":"hexo","hostname":"LamontMac","pid":4278,"level":20,"msg":"Processed: \u001b[35mlayout/_layout.swig\u001b[39m","time":"2016-11-14T07:58:01.647Z","v":0}
{"name":"hexo","hostname":"LamontMac","pid":4278,"level":20,"msg":"Processed: \u001b[35mlayout/archive.swig\u001b[39m","time":"2016-11-14T07:58:01.647Z","v":0}
{"name":"hexo","hostname":"LamontMac","pid":4278,"level":20,"msg":"Processed: \u001b[35mlayout/category.swig\u001b[39m","time":"2016-11-14T07:58:01.647Z","v":0}
{"name":"hexo","hostname":"LamontMac","pid":4278,"level":20,"msg":"Processed: \u001b[35mlayout/index.swig\u001b[39m","time":"2016-11-14T07:58:01.647Z","v":0}
{"name":"hexo","hostname":"LamontMac","pid":4278,"level":20,"msg":"Processed: \u001b[35mlayout/page.swig\u001b[39m","time":"2016-11-14T07:58:01.648Z","v":0}
{"name":"hexo","hostname":"LamontMac","pid":4278,"level":20,"msg":"Processed: \u001b[35mlayout/schedule.swig\u001b[39m","time":"2016-11-14T07:58:01.648Z","v":0}
{"name":"hexo","hostname":"LamontMac","pid":4278,"level":20,"msg":"Processed: \u001b[35mlayout/post.swig\u001b[39m","time":"2016-11-14T07:58:01.648Z","v":0}
{"name":"hexo","hostname":"LamontMac","pid":4278,"level":20,"msg":"Processed: \u001b[35mlayout/tag.swig\u001b[39m","time":"2016-11-14T07:58:01.648Z","v":0}
{"name":"hexo","hostname":"LamontMac","pid":4278,"level":20,"msg":"Processed: \u001b[35mlanguages/de.yml\u001b[39m","time":"2016-11-14T07:58:01.670Z","v":0}
{"name":"hexo","hostname":"LamontMac","pid":4278,"level":20,"msg":"Processed: \u001b[35mlanguages/default.yml\u001b[39m","time":"2016-11-14T07:58:01.671Z","v":0}
{"name":"hexo","hostname":"LamontMac","pid":4278,"level":20,"msg":"Processed: \u001b[35mlanguages/fr-FR.yml\u001b[39m","time":"2016-11-14T07:58:01.671Z","v":0}
{"name":"hexo","hostname":"LamontMac","pid":4278,"level":20,"msg":"Processed: \u001b[35mlanguages/en.yml\u001b[39m","time":"2016-11-14T07:58:01.671Z","v":0}
{"name":"hexo","hostname":"LamontMac","pid":4278,"level":20,"msg":"Processed: \u001b[35mlanguages/id.yml\u001b[39m","time":"2016-11-14T07:58:01.671Z","v":0}
{"name":"hexo","hostname":"LamontMac","pid":4278,"level":20,"msg":"Processed: \u001b[35mlanguages/ja.yml\u001b[39m","time":"2016-11-14T07:58:01.671Z","v":0}
{"name":"hexo","hostname":"LamontMac","pid":4278,"level":20,"msg":"Processed: \u001b[35mlanguages/ko.yml\u001b[39m","time":"2016-11-14T07:58:01.671Z","v":0}
{"name":"hexo","hostname":"LamontMac","pid":4278,"level":20,"msg":"Processed: \u001b[35mlanguages/pt-BR.yml\u001b[39m","time":"2016-11-14T07:58:01.671Z","v":0}
{"name":"hexo","hostname":"LamontMac","pid":4278,"level":20,"msg":"Processed: \u001b[35mlanguages/pt.yml\u001b[39m","time":"2016-11-14T07:58:01.671Z","v":0}
{"name":"hexo","hostname":"LamontMac","pid":4278,"level":20,"msg":"Processed: \u001b[35mlanguages/ru.yml\u001b[39m","time":"2016-11-14T07:58:01.671Z","v":0}
{"name":"hexo","hostname":"LamontMac","pid":4278,"level":20,"msg":"Processed: \u001b[35mlanguages/zh-Hans.yml\u001b[39m","time":"2016-11-14T07:58:01.671Z","v":0}
{"name":"hexo","hostname":"LamontMac","pid":4278,"level":20,"msg":"Processed: \u001b[35mlanguages/zh-hk.yml\u001b[39m","time":"2016-11-14T07:58:01.671Z","v":0}
{"name":"hexo","hostname":"LamontMac","pid":4278,"level":20,"msg":"Processed: \u001b[35mlanguages/zh-tw.yml\u001b[39m","time":"2016-11-14T07:58:01.672Z","v":0}
{"name":"hexo","hostname":"LamontMac","pid":4278,"level":20,"msg":"Processed: \u001b[35msource/js/src/affix.js\u001b[39m","time":"2016-11-14T07:58:01.672Z","v":0}
{"name":"hexo","hostname":"LamontMac","pid":4278,"level":20,"msg":"Processed: \u001b[35msource/js/src/algolia-search.js\u001b[39m","time":"2016-11-14T07:58:01.672Z","v":0}
{"name":"hexo","hostname":"LamontMac","pid":4278,"level":20,"msg":"Processed: \u001b[35msource/js/src/bootstrap.js\u001b[39m","time":"2016-11-14T07:58:01.672Z","v":0}
{"name":"hexo","hostname":"LamontMac","pid":4278,"level":20,"msg":"Processed: \u001b[35msource/js/src/hook-duoshuo.js\u001b[39m","time":"2016-11-14T07:58:01.673Z","v":0}
{"name":"hexo","hostname":"LamontMac","pid":4278,"level":20,"msg":"Processed: \u001b[35msource/js/src/motion.js\u001b[39m","time":"2016-11-14T07:58:01.673Z","v":0}
{"name":"hexo","hostname":"LamontMac","pid":4278,"level":20,"msg":"Processed: \u001b[35msource/js/src/post-details.js\u001b[39m","time":"2016-11-14T07:58:01.673Z","v":0}
{"name":"hexo","hostname":"LamontMac","pid":4278,"level":20,"msg":"Processed: \u001b[35msource/js/src/scrollspy.js\u001b[39m","time":"2016-11-14T07:58:01.673Z","v":0}
{"name":"hexo","hostname":"LamontMac","pid":4278,"level":20,"msg":"Processed: \u001b[35msource/js/src/utils.js\u001b[39m","time":"2016-11-14T07:58:01.673Z","v":0}
{"name":"hexo","hostname":"LamontMac","pid":4278,"level":20,"msg":"Processed: \u001b[35msource/lib/algolia-instant-search/instantsearch.min.css\u001b[39m","time":"2016-11-14T07:58:01.674Z","v":0}
{"name":"hexo","hostname":"LamontMac","pid":4278,"level":20,"msg":"Processed: \u001b[35msource/lib/fastclick/LICENSE\u001b[39m","time":"2016-11-14T07:58:01.675Z","v":0}
{"name":"hexo","hostname":"LamontMac","pid":4278,"level":20,"msg":"Processed: \u001b[35msource/lib/fastclick/bower.json\u001b[39m","time":"2016-11-14T07:58:01.676Z","v":0}
{"name":"hexo","hostname":"LamontMac","pid":4278,"level":20,"msg":"Processed: \u001b[35msource/lib/fastclick/README.md\u001b[39m","time":"2016-11-14T07:58:01.677Z","v":0}
{"name":"hexo","hostname":"LamontMac","pid":4278,"level":20,"msg":"Processed: \u001b[35msource/lib/font-awesome/bower.json\u001b[39m","time":"2016-11-14T07:58:01.678Z","v":0}
{"name":"hexo","hostname":"LamontMac","pid":4278,"level":20,"msg":"Processed: \u001b[35msource/lib/font-awesome/HELP-US-OUT.txt\u001b[39m","time":"2016-11-14T07:58:01.679Z","v":0}
{"name":"hexo","hostname":"LamontMac","pid":4278,"level":20,"msg":"Processed: \u001b[35msource/lib/jquery_lazyload/README.md\u001b[39m","time":"2016-11-14T07:58:01.679Z","v":0}
{"name":"hexo","hostname":"LamontMac","pid":4278,"level":20,"msg":"Processed: \u001b[35msource/lib/jquery_lazyload/CONTRIBUTING.md\u001b[39m","time":"2016-11-14T07:58:01.680Z","v":0}
{"name":"hexo","hostname":"LamontMac","pid":4278,"level":20,"msg":"Processed: \u001b[35msource/lib/jquery_lazyload/bower.json\u001b[39m","time":"2016-11-14T07:58:01.680Z","v":0}
{"name":"hexo","hostname":"LamontMac","pid":4278,"level":20,"msg":"Processed: \u001b[35msource/lib/jquery_lazyload/jquery.lazyload.js\u001b[39m","time":"2016-11-14T07:58:01.681Z","v":0}
{"name":"hexo","hostname":"LamontMac","pid":4278,"level":20,"msg":"Processed: \u001b[35msource/lib/jquery_lazyload/jquery.scrollstop.js\u001b[39m","time":"2016-11-14T07:58:01.682Z","v":0}
{"name":"hexo","hostname":"LamontMac","pid":4278,"level":20,"msg":"Processed: \u001b[35msource/lib/velocity/bower.json\u001b[39m","time":"2016-11-14T07:58:01.684Z","v":0}
{"name":"hexo","hostname":"LamontMac","pid":4278,"level":20,"msg":"Processed: \u001b[35msource/lib/velocity/velocity.min.js\u001b[39m","time":"2016-11-14T07:58:01.685Z","v":0}
{"name":"hexo","hostname":"LamontMac","pid":4278,"level":20,"msg":"Processed: \u001b[35msource/lib/velocity/velocity.ui.min.js\u001b[39m","time":"2016-11-14T07:58:01.687Z","v":0}
{"name":"hexo","hostname":"LamontMac","pid":4278,"level":20,"msg":"Processed: \u001b[35msource/lib/velocity/velocity.ui.js\u001b[39m","time":"2016-11-14T07:58:01.687Z","v":0}
{"name":"hexo","hostname":"LamontMac","pid":4278,"level":20,"msg":"Processed: \u001b[35msource/lib/jquery/index.js\u001b[39m","time":"2016-11-14T07:58:01.707Z","v":0}
{"name":"hexo","hostname":"LamontMac","pid":4278,"level":20,"msg":"Processed: \u001b[35msource/js/src/schemes/pisces.js\u001b[39m","time":"2016-11-14T07:58:01.725Z","v":0}
{"name":"hexo","hostname":"LamontMac","pid":4278,"level":20,"msg":"Processed: \u001b[35msource/lib/fancybox/source/blank.gif\u001b[39m","time":"2016-11-14T07:58:01.726Z","v":0}
{"name":"hexo","hostname":"LamontMac","pid":4278,"level":20,"msg":"Processed: \u001b[35msource/lib/fancybox/source/fancybox_loading.gif\u001b[39m","time":"2016-11-14T07:58:01.726Z","v":0}
{"name":"hexo","hostname":"LamontMac","pid":4278,"level":20,"msg":"Processed: \u001b[35msource/lib/fancybox/source/fancybox_loading@2x.gif\u001b[39m","time":"2016-11-14T07:58:01.726Z","v":0}
{"name":"hexo","hostname":"LamontMac","pid":4278,"level":20,"msg":"Processed: \u001b[35msource/lib/fancybox/source/fancybox_overlay.png\u001b[39m","time":"2016-11-14T07:58:01.727Z","v":0}
{"name":"hexo","hostname":"LamontMac","pid":4278,"level":20,"msg":"Processed: \u001b[35msource/lib/fancybox/source/fancybox_sprite.png\u001b[39m","time":"2016-11-14T07:58:01.727Z","v":0}
{"name":"hexo","hostname":"LamontMac","pid":4278,"level":20,"msg":"Processed: \u001b[35msource/lib/fancybox/source/fancybox_sprite@2x.png\u001b[39m","time":"2016-11-14T07:58:01.728Z","v":0}
{"name":"hexo","hostname":"LamontMac","pid":4278,"level":20,"msg":"Processed: \u001b[35msource/lib/fancybox/source/jquery.fancybox.css\u001b[39m","time":"2016-11-14T07:58:01.729Z","v":0}
{"name":"hexo","hostname":"LamontMac","pid":4278,"level":20,"msg":"Processed: \u001b[35msource/lib/fancybox/source/jquery.fancybox.js\u001b[39m","time":"2016-11-14T07:58:01.729Z","v":0}
{"name":"hexo","hostname":"LamontMac","pid":4278,"level":20,"msg":"Processed: \u001b[35msource/lib/fancybox/source/jquery.fancybox.pack.js\u001b[39m","time":"2016-11-14T07:58:01.729Z","v":0}
{"name":"hexo","hostname":"LamontMac","pid":4278,"level":20,"msg":"Processed: \u001b[35msource/lib/fastclick/lib/fastclick.min.js\u001b[39m","time":"2016-11-14T07:58:01.730Z","v":0}
{"name":"hexo","hostname":"LamontMac","pid":4278,"level":20,"msg":"Processed: \u001b[35msource/lib/fastclick/lib/fastclick.js\u001b[39m","time":"2016-11-14T07:58:01.731Z","v":0}
{"name":"hexo","hostname":"LamontMac","pid":4278,"level":20,"msg":"Processed: \u001b[35msource/lib/font-awesome/css/font-awesome.css\u001b[39m","time":"2016-11-14T07:58:01.732Z","v":0}
{"name":"hexo","hostname":"LamontMac","pid":4278,"level":20,"msg":"Processed: \u001b[35msource/lib/font-awesome/css/font-awesome.css.map\u001b[39m","time":"2016-11-14T07:58:01.733Z","v":0}
{"name":"hexo","hostname":"LamontMac","pid":4278,"level":20,"msg":"Processed: \u001b[35msource/lib/font-awesome/css/font-awesome.min.css\u001b[39m","time":"2016-11-14T07:58:01.733Z","v":0}
{"name":"hexo","hostname":"LamontMac","pid":4278,"level":20,"msg":"Processed: \u001b[35msource/lib/ua-parser-js/dist/ua-parser.min.js\u001b[39m","time":"2016-11-14T07:58:01.734Z","v":0}
{"name":"hexo","hostname":"LamontMac","pid":4278,"level":20,"msg":"Processed: \u001b[35msource/lib/ua-parser-js/dist/ua-parser.pack.js\u001b[39m","time":"2016-11-14T07:58:01.734Z","v":0}
{"name":"hexo","hostname":"LamontMac","pid":4278,"level":20,"msg":"Processed: \u001b[35mlayout/_custom/sidebar.swig\u001b[39m","time":"2016-11-14T07:58:01.825Z","v":0}
{"name":"hexo","hostname":"LamontMac","pid":4278,"level":20,"msg":"Processed: \u001b[35mlayout/_custom/header.swig\u001b[39m","time":"2016-11-14T07:58:01.826Z","v":0}
{"name":"hexo","hostname":"LamontMac","pid":4278,"level":20,"msg":"Processed: \u001b[35mlayout/_macro/reward.swig\u001b[39m","time":"2016-11-14T07:58:01.826Z","v":0}
{"name":"hexo","hostname":"LamontMac","pid":4278,"level":20,"msg":"Processed: \u001b[35mlayout/_macro/post.swig\u001b[39m","time":"2016-11-14T07:58:01.826Z","v":0}
{"name":"hexo","hostname":"LamontMac","pid":4278,"level":20,"msg":"Processed: \u001b[35mlayout/_macro/post-collapse.swig\u001b[39m","time":"2016-11-14T07:58:01.826Z","v":0}
{"name":"hexo","hostname":"LamontMac","pid":4278,"level":20,"msg":"Processed: \u001b[35mlayout/_macro/sidebar.swig\u001b[39m","time":"2016-11-14T07:58:01.826Z","v":0}
{"name":"hexo","hostname":"LamontMac","pid":4278,"level":20,"msg":"Processed: \u001b[35mlayout/_macro/wechat-subscriber.swig\u001b[39m","time":"2016-11-14T07:58:01.826Z","v":0}
{"name":"hexo","hostname":"LamontMac","pid":4278,"level":20,"msg":"Processed: \u001b[35mlayout/_partials/comments.swig\u001b[39m","time":"2016-11-14T07:58:01.826Z","v":0}
{"name":"hexo","hostname":"LamontMac","pid":4278,"level":20,"msg":"Processed: \u001b[35mlayout/_partials/duoshuo-hot-articles.swig\u001b[39m","time":"2016-11-14T07:58:01.827Z","v":0}
{"name":"hexo","hostname":"LamontMac","pid":4278,"level":20,"msg":"Processed: \u001b[35mlayout/_partials/footer.swig\u001b[39m","time":"2016-11-14T07:58:01.827Z","v":0}
{"name":"hexo","hostname":"LamontMac","pid":4278,"level":20,"msg":"Processed: \u001b[35mlayout/_partials/head.swig\u001b[39m","time":"2016-11-14T07:58:01.827Z","v":0}
{"name":"hexo","hostname":"LamontMac","pid":4278,"level":20,"msg":"Processed: \u001b[35mlayout/_partials/header.swig\u001b[39m","time":"2016-11-14T07:58:01.827Z","v":0}
{"name":"hexo","hostname":"LamontMac","pid":4278,"level":20,"msg":"Processed: \u001b[35mlayout/_partials/page-header.swig\u001b[39m","time":"2016-11-14T07:58:01.827Z","v":0}
{"name":"hexo","hostname":"LamontMac","pid":4278,"level":20,"msg":"Processed: \u001b[35mlayout/_partials/pagination.swig\u001b[39m","time":"2016-11-14T07:58:01.827Z","v":0}
{"name":"hexo","hostname":"LamontMac","pid":4278,"level":20,"msg":"Processed: \u001b[35mlayout/_scripts/baidu-push.swig\u001b[39m","time":"2016-11-14T07:58:01.827Z","v":0}
{"name":"hexo","hostname":"LamontMac","pid":4278,"level":20,"msg":"Processed: \u001b[35mlayout/_scripts/boostrap.swig\u001b[39m","time":"2016-11-14T07:58:01.827Z","v":0}
{"name":"hexo","hostname":"LamontMac","pid":4278,"level":20,"msg":"Processed: \u001b[35mlayout/_scripts/commons.swig\u001b[39m","time":"2016-11-14T07:58:01.827Z","v":0}
{"name":"hexo","hostname":"LamontMac","pid":4278,"level":20,"msg":"Processed: \u001b[35mlayout/_partials/search.swig\u001b[39m","time":"2016-11-14T07:58:01.827Z","v":0}
{"name":"hexo","hostname":"LamontMac","pid":4278,"level":20,"msg":"Processed: \u001b[35mlayout/_scripts/vendors.swig\u001b[39m","time":"2016-11-14T07:58:01.827Z","v":0}
{"name":"hexo","hostname":"LamontMac","pid":4278,"level":20,"msg":"Processed: \u001b[35msource/lib/font-awesome/fonts/FontAwesome.otf\u001b[39m","time":"2016-11-14T07:58:01.829Z","v":0}
{"name":"hexo","hostname":"LamontMac","pid":4278,"level":20,"msg":"Processed: \u001b[35msource/lib/font-awesome/fonts/fontawesome-webfont.eot\u001b[39m","time":"2016-11-14T07:58:01.829Z","v":0}
{"name":"hexo","hostname":"LamontMac","pid":4278,"level":20,"msg":"Processed: \u001b[35msource/lib/font-awesome/fonts/fontawesome-webfont.woff\u001b[39m","time":"2016-11-14T07:58:01.830Z","v":0}
{"name":"hexo","hostname":"LamontMac","pid":4278,"level":20,"msg":"Processed: \u001b[35msource/lib/font-awesome/fonts/fontawesome-webfont.woff2\u001b[39m","time":"2016-11-14T07:58:01.830Z","v":0}
{"name":"hexo","hostname":"LamontMac","pid":4278,"level":20,"msg":"Processed: \u001b[35mlayout/_scripts/schemes/muse.swig\u001b[39m","time":"2016-11-14T07:58:01.837Z","v":0}
{"name":"hexo","hostname":"LamontMac","pid":4278,"level":20,"msg":"Processed: \u001b[35mlayout/_scripts/schemes/mist.swig\u001b[39m","time":"2016-11-14T07:58:01.837Z","v":0}
{"name":"hexo","hostname":"LamontMac","pid":4278,"level":20,"msg":"Processed: \u001b[35msource/lib/velocity/velocity.js\u001b[39m","time":"2016-11-14T07:58:01.840Z","v":0}
{"name":"hexo","hostname":"LamontMac","pid":4278,"level":20,"msg":"Processed: \u001b[35msource/lib/fancybox/source/helpers/fancybox_buttons.png\u001b[39m","time":"2016-11-14T07:58:01.842Z","v":0}
{"name":"hexo","hostname":"LamontMac","pid":4278,"level":20,"msg":"Processed: \u001b[35msource/lib/fancybox/source/helpers/jquery.fancybox-buttons.css\u001b[39m","time":"2016-11-14T07:58:01.843Z","v":0}
{"name":"hexo","hostname":"LamontMac","pid":4278,"level":20,"msg":"Processed: \u001b[35msource/lib/fancybox/source/helpers/jquery.fancybox-buttons.js\u001b[39m","time":"2016-11-14T07:58:01.845Z","v":0}
{"name":"hexo","hostname":"LamontMac","pid":4278,"level":20,"msg":"Processed: \u001b[35msource/lib/fancybox/source/helpers/jquery.fancybox-thumbs.css\u001b[39m","time":"2016-11-14T07:58:01.847Z","v":0}
{"name":"hexo","hostname":"LamontMac","pid":4278,"level":20,"msg":"Processed: \u001b[35msource/lib/fancybox/source/helpers/jquery.fancybox-thumbs.js\u001b[39m","time":"2016-11-14T07:58:01.848Z","v":0}
{"name":"hexo","hostname":"LamontMac","pid":4278,"level":20,"msg":"Processed: \u001b[35msource/lib/fancybox/source/helpers/jquery.fancybox-media.js\u001b[39m","time":"2016-11-14T07:58:01.849Z","v":0}
{"name":"hexo","hostname":"LamontMac","pid":4278,"level":20,"msg":"Processed: \u001b[35msource/lib/font-awesome/fonts/fontawesome-webfont.ttf\u001b[39m","time":"2016-11-14T07:58:01.849Z","v":0}
{"name":"hexo","hostname":"LamontMac","pid":4278,"level":20,"msg":"Processed: \u001b[35mlayout/_components/algolia-search/dom.swig\u001b[39m","time":"2016-11-14T07:58:01.879Z","v":0}
{"name":"hexo","hostname":"LamontMac","pid":4278,"level":20,"msg":"Processed: \u001b[35mlayout/_partials/head/custom-head.swig\u001b[39m","time":"2016-11-14T07:58:01.880Z","v":0}
{"name":"hexo","hostname":"LamontMac","pid":4278,"level":20,"msg":"Processed: \u001b[35mlayout/_components/algolia-search/assets.swig\u001b[39m","time":"2016-11-14T07:58:01.880Z","v":0}
{"name":"hexo","hostname":"LamontMac","pid":4278,"level":20,"msg":"Processed: \u001b[35mlayout/_partials/head/external-fonts.swig\u001b[39m","time":"2016-11-14T07:58:01.880Z","v":0}
{"name":"hexo","hostname":"LamontMac","pid":4278,"level":20,"msg":"Processed: \u001b[35mlayout/_partials/search/localsearch.swig\u001b[39m","time":"2016-11-14T07:58:01.880Z","v":0}
{"name":"hexo","hostname":"LamontMac","pid":4278,"level":20,"msg":"Processed: \u001b[35mlayout/_partials/search/swiftype.swig\u001b[39m","time":"2016-11-14T07:58:01.880Z","v":0}
{"name":"hexo","hostname":"LamontMac","pid":4278,"level":20,"msg":"Processed: \u001b[35mlayout/_partials/share/add-this.swig\u001b[39m","time":"2016-11-14T07:58:01.880Z","v":0}
{"name":"hexo","hostname":"LamontMac","pid":4278,"level":20,"msg":"Processed: \u001b[35mlayout/_partials/search/tinysou.swig\u001b[39m","time":"2016-11-14T07:58:01.880Z","v":0}
{"name":"hexo","hostname":"LamontMac","pid":4278,"level":20,"msg":"Processed: \u001b[35mlayout/_partials/share/baidushare.swig\u001b[39m","time":"2016-11-14T07:58:01.881Z","v":0}
{"name":"hexo","hostname":"LamontMac","pid":4278,"level":20,"msg":"Processed: \u001b[35mlayout/_partials/share/duoshuo_share.swig\u001b[39m","time":"2016-11-14T07:58:01.881Z","v":0}
{"name":"hexo","hostname":"LamontMac","pid":4278,"level":20,"msg":"Processed: \u001b[35mlayout/_scripts/pages/post-details.swig\u001b[39m","time":"2016-11-14T07:58:01.881Z","v":0}
{"name":"hexo","hostname":"LamontMac","pid":4278,"level":20,"msg":"Processed: \u001b[35mlayout/_partials/share/jiathis.swig\u001b[39m","time":"2016-11-14T07:58:01.881Z","v":0}
{"name":"hexo","hostname":"LamontMac","pid":4278,"level":20,"msg":"Processed: \u001b[35mlayout/_scripts/schemes/pisces.swig\u001b[39m","time":"2016-11-14T07:58:01.881Z","v":0}
{"name":"hexo","hostname":"LamontMac","pid":4278,"level":20,"msg":"Processed: \u001b[35mlayout/_scripts/third-party/analytics.swig\u001b[39m","time":"2016-11-14T07:58:01.881Z","v":0}
{"name":"hexo","hostname":"LamontMac","pid":4278,"level":20,"msg":"Processed: \u001b[35mlayout/_scripts/third-party/comments.swig\u001b[39m","time":"2016-11-14T07:58:01.881Z","v":0}
{"name":"hexo","hostname":"LamontMac","pid":4278,"level":20,"msg":"Processed: \u001b[35mlayout/_scripts/third-party/lean-analytics.swig\u001b[39m","time":"2016-11-14T07:58:01.881Z","v":0}
{"name":"hexo","hostname":"LamontMac","pid":4278,"level":20,"msg":"Processed: \u001b[35mlayout/_scripts/third-party/mathjax.swig\u001b[39m","time":"2016-11-14T07:58:01.881Z","v":0}
{"name":"hexo","hostname":"LamontMac","pid":4278,"level":20,"msg":"Processed: \u001b[35mlayout/_scripts/third-party/localsearch.swig\u001b[39m","time":"2016-11-14T07:58:01.881Z","v":0}
{"name":"hexo","hostname":"LamontMac","pid":4278,"level":20,"msg":"Processed: \u001b[35mlayout/_scripts/third-party/schedule.swig\u001b[39m","time":"2016-11-14T07:58:01.881Z","v":0}
{"name":"hexo","hostname":"LamontMac","pid":4278,"level":20,"msg":"Processed: \u001b[35mlayout/_scripts/third-party/tinysou.swig\u001b[39m","time":"2016-11-14T07:58:01.881Z","v":0}
{"name":"hexo","hostname":"LamontMac","pid":4278,"level":20,"msg":"Processed: \u001b[35mlayout/_scripts/third-party/analytics/baidu-analytics.swig\u001b[39m","time":"2016-11-14T07:58:01.914Z","v":0}
{"name":"hexo","hostname":"LamontMac","pid":4278,"level":20,"msg":"Processed: \u001b[35mlayout/_scripts/third-party/analytics/cnzz-analytics.swig\u001b[39m","time":"2016-11-14T07:58:01.914Z","v":0}
{"name":"hexo","hostname":"LamontMac","pid":4278,"level":20,"msg":"Processed: \u001b[35mlayout/_scripts/third-party/analytics/facebook-sdk.swig\u001b[39m","time":"2016-11-14T07:58:01.914Z","v":0}
{"name":"hexo","hostname":"LamontMac","pid":4278,"level":20,"msg":"Processed: \u001b[35mlayout/_scripts/third-party/analytics/google-analytics.swig\u001b[39m","time":"2016-11-14T07:58:01.914Z","v":0}
{"name":"hexo","hostname":"LamontMac","pid":4278,"level":20,"msg":"Processed: \u001b[35mlayout/_scripts/third-party/analytics/tencent-analytics.swig\u001b[39m","time":"2016-11-14T07:58:01.914Z","v":0}
{"name":"hexo","hostname":"LamontMac","pid":4278,"level":20,"msg":"Processed: \u001b[35mlayout/_scripts/third-party/comments/disqus.swig\u001b[39m","time":"2016-11-14T07:58:01.915Z","v":0}
{"name":"hexo","hostname":"LamontMac","pid":4278,"level":20,"msg":"Processed: \u001b[35mlayout/_scripts/third-party/comments/duoshuo.swig\u001b[39m","time":"2016-11-14T07:58:01.915Z","v":0}
{"name":"hexo","hostname":"LamontMac","pid":4278,"level":20,"msg":"Processed: \u001b[35mlayout/_scripts/third-party/analytics/busuanzi-counter.swig\u001b[39m","time":"2016-11-14T07:58:01.915Z","v":0}
{"name":"hexo","hostname":"LamontMac","pid":4278,"level":20,"msg":"Processed: \u001b[35mlayout/_scripts/third-party/comments/hypercomments.swig\u001b[39m","time":"2016-11-14T07:58:01.915Z","v":0}
{"name":"hexo","hostname":"LamontMac","pid":4278,"level":20,"msg":"Processed: \u001b[35msource/lib/algolia-instant-search/instantsearch.min.js\u001b[39m","time":"2016-11-14T07:58:01.916Z","v":0}
{"name":"hexo","hostname":"LamontMac","pid":4278,"level":20,"msg":"Processed: \u001b[35msource/lib/font-awesome/fonts/fontawesome-webfont.svg\u001b[39m","time":"2016-11-14T07:58:01.917Z","v":0}
{"name":"hexo","hostname":"LamontMac","pid":4278,"level":20,"msg":"Generator: \u001b[35mpage\u001b[39m","time":"2016-11-14T07:58:02.004Z","v":0}
{"name":"hexo","hostname":"LamontMac","pid":4278,"level":20,"msg":"Generator: \u001b[35mpost\u001b[39m","time":"2016-11-14T07:58:02.004Z","v":0}
{"name":"hexo","hostname":"LamontMac","pid":4278,"level":20,"msg":"Generator: \u001b[35marchive\u001b[39m","time":"2016-11-14T07:58:02.004Z","v":0}
{"name":"hexo","hostname":"LamontMac","pid":4278,"level":20,"msg":"Generator: \u001b[35mcategory\u001b[39m","time":"2016-11-14T07:58:02.004Z","v":0}
{"name":"hexo","hostname":"LamontMac","pid":4278,"level":20,"msg":"Generator: \u001b[35mindex\u001b[39m","time":"2016-11-14T07:58:02.004Z","v":0}
{"name":"hexo","hostname":"LamontMac","pid":4278,"level":20,"msg":"Generator: \u001b[35mtag\u001b[39m","time":"2016-11-14T07:58:02.004Z","v":0}
{"name":"hexo","hostname":"LamontMac","pid":4278,"level":20,"msg":"Generator: \u001b[35masset\u001b[39m","time":"2016-11-14T07:58:02.007Z","v":0}
{"name":"hexo","hostname":"LamontMac","pid":4278,"level":30,"msg":"Hexo is running at \u001b[4mhttp://localhost:4000/\u001b[24m. Press Ctrl+C to stop.","time":"2016-11-14T07:58:02.019Z","v":0}
{"name":"hexo","hostname":"LamontMac","pid":4278,"level":20,"msg":"Database saved","time":"2016-11-14T07:58:02.048Z","v":0}
{"name":"hexo","hostname":"LamontMac","pid":4278,"level":20,"msg":"Rendering index: \u001b[35mindex.html\u001b[39m","time":"2016-11-14T07:58:09.859Z","v":0}
{"name":"hexo","hostname":"LamontMac","pid":4278,"level":20,"msg":"Rendering page: \u001b[35mcategories/index.html\u001b[39m","time":"2016-11-14T07:59:18.825Z","v":0}
{"name":"hexo","hostname":"LamontMac","pid":4278,"level":20,"msg":"Rendering page: \u001b[35mabout/index.html\u001b[39m","time":"2016-11-14T07:59:25.017Z","v":0}
{"name":"hexo","hostname":"LamontMac","pid":4278,"level":20,"msg":"Rendering index: \u001b[35mindex.html\u001b[39m","time":"2016-11-14T07:59:29.526Z","v":0}
{"name":"hexo","hostname":"LamontMac","pid":4278,"level":20,"msg":"Rendering index: \u001b[35mindex.html\u001b[39m","time":"2016-11-14T08:00:07.535Z","v":0}
{"name":"hexo","hostname":"LamontMac","pid":4278,"level":30,"msg":"Good bye","time":"2016-11-14T08:00:10.982Z","v":0}
{"name":"hexo","hostname":"LamontMac","pid":4278,"level":20,"msg":"Database saved","time":"2016-11-14T08:00:11.015Z","v":0}
{"name":"hexo","hostname":"LamontMac","pid":90317,"level":20,"msg":"Writing database to /Users/yuxiaofei/lamontu.github.io/db.json","time":"2018-11-19T14:47:30.275Z","v":0}
{"name":"hexo","hostname":"LamontMac","pid":90317,"level":20,"msg":"Hexo version: \u001b[35m3.8.0\u001b[39m","time":"2018-11-19T14:47:30.292Z","v":0}
{"name":"hexo","hostname":"LamontMac","pid":90317,"level":20,"msg":"Working directory: \u001b[35m~/lamontu.github.io/\u001b[39m","time":"2018-11-19T14:47:30.292Z","v":0}
{"name":"hexo","hostname":"LamontMac","pid":90317,"level":20,"msg":"Config loaded: \u001b[35m~/lamontu.github.io/_config.yml\u001b[39m","time":"2018-11-19T14:47:30.384Z","v":0}
{"name":"hexo","hostname":"LamontMac","pid":90317,"level":20,"msg":"Plugin loaded: \u001b[35mhexo-deployer-git\u001b[39m","time":"2018-11-19T14:47:30.431Z","v":0}
{"name":"hexo","hostname":"LamontMac","pid":90317,"level":20,"msg":"Plugin loaded: \u001b[35mhexo-generator-archive\u001b[39m","time":"2018-11-19T14:47:30.433Z","v":0}
{"name":"hexo","hostname":"LamontMac","pid":90317,"level":20,"msg":"Plugin loaded: \u001b[35mhexo-generator-category\u001b[39m","time":"2018-11-19T14:47:30.437Z","v":0}
{"name":"hexo","hostname":"LamontMac","pid":90317,"level":20,"msg":"Plugin loaded: \u001b[35mhexo-generator-index\u001b[39m","time":"2018-11-19T14:47:30.439Z","v":0}
{"name":"hexo","hostname":"LamontMac","pid":90317,"level":20,"msg":"Plugin loaded: \u001b[35mhexo-generator-tag\u001b[39m","time":"2018-11-19T14:47:30.440Z","v":0}
{"name":"hexo","hostname":"LamontMac","pid":90317,"level":20,"msg":"Plugin loaded: \u001b[35mhexo-renderer-ejs\u001b[39m","time":"2018-11-19T14:47:30.442Z","v":0}
{"name":"hexo","hostname":"LamontMac","pid":90317,"level":20,"msg":"Plugin loaded: \u001b[35mhexo-renderer-marked\u001b[39m","time":"2018-11-19T14:47:30.447Z","v":0}
{"name":"hexo","hostname":"LamontMac","pid":90317,"level":20,"msg":"Plugin loaded: \u001b[35mhexo-renderer-stylus\u001b[39m","time":"2018-11-19T14:47:30.448Z","v":0}
{"name":"hexo","hostname":"LamontMac","pid":90317,"level":20,"msg":"Plugin loaded: \u001b[35mhexo-server\u001b[39m","time":"2018-11-19T14:47:30.513Z","v":0}
{"name":"hexo","hostname":"LamontMac","pid":90317,"level":20,"msg":"Loading database.","time":"2018-11-19T14:47:30.522Z","v":0}
{"name":"hexo","hostname":"LamontMac","pid":90317,"level":30,"msg":"Start processing","time":"2018-11-19T14:47:30.530Z","v":0}
{"name":"hexo","hostname":"LamontMac","pid":90317,"level":20,"msg":"Processed: \u001b[35m_posts/Golang-Learning.md\u001b[39m","time":"2018-11-19T14:47:30.585Z","v":0}
{"name":"hexo","hostname":"LamontMac","pid":90317,"level":20,"msg":"Processed: \u001b[35mabout/index.md\u001b[39m","time":"2018-11-19T14:47:30.586Z","v":0}
{"name":"hexo","hostname":"LamontMac","pid":90317,"level":20,"msg":"Processed: \u001b[35m_posts/Learning.md\u001b[39m","time":"2018-11-19T14:47:30.587Z","v":0}
{"name":"hexo","hostname":"LamontMac","pid":90317,"level":20,"msg":"Processed: \u001b[35mcategories/index.md\u001b[39m","time":"2018-11-19T14:47:30.587Z","v":0}
{"name":"hexo","hostname":"LamontMac","pid":90317,"level":20,"msg":"Processed: \u001b[35m_posts/My-New-Post.md\u001b[39m","time":"2018-11-19T14:47:30.589Z","v":0}
{"name":"hexo","hostname":"LamontMac","pid":90317,"level":20,"msg":"Processed: \u001b[35m_posts/deploy-on-github-and-coding.md\u001b[39m","time":"2018-11-19T14:47:30.589Z","v":0}
{"name":"hexo","hostname":"LamontMac","pid":90317,"level":20,"msg":"Processed: \u001b[35m_posts/hello-world.md\u001b[39m","time":"2018-11-19T14:47:30.589Z","v":0}
{"name":"hexo","hostname":"LamontMac","pid":90317,"level":20,"msg":"Processed: \u001b[35mtags/index.md\u001b[39m","time":"2018-11-19T14:47:30.592Z","v":0}
{"name":"hexo","hostname":"LamontMac","pid":90317,"level":20,"msg":"Generator: \u001b[35mpage\u001b[39m","time":"2018-11-19T14:47:30.740Z","v":0}
{"name":"hexo","hostname":"LamontMac","pid":90317,"level":20,"msg":"Generator: \u001b[35mpost\u001b[39m","time":"2018-11-19T14:47:30.741Z","v":0}
{"name":"hexo","hostname":"LamontMac","pid":90317,"level":20,"msg":"Generator: \u001b[35marchive\u001b[39m","time":"2018-11-19T14:47:30.741Z","v":0}
{"name":"hexo","hostname":"LamontMac","pid":90317,"level":20,"msg":"Generator: \u001b[35mcategory\u001b[39m","time":"2018-11-19T14:47:30.741Z","v":0}
{"name":"hexo","hostname":"LamontMac","pid":90317,"level":20,"msg":"Generator: \u001b[35mindex\u001b[39m","time":"2018-11-19T14:47:30.741Z","v":0}
{"name":"hexo","hostname":"LamontMac","pid":90317,"level":20,"msg":"Generator: \u001b[35mtag\u001b[39m","time":"2018-11-19T14:47:30.741Z","v":0}
{"name":"hexo","hostname":"LamontMac","pid":90317,"level":20,"msg":"Generator: \u001b[35masset\u001b[39m","time":"2018-11-19T14:47:30.741Z","v":0}
{"name":"hexo","hostname":"LamontMac","pid":90317,"level":30,"msg":"Hexo is running at \u001b[4mhttp://localhost:4000\u001b[24m . Press Ctrl+C to stop.","time":"2018-11-19T14:47:30.745Z","v":0}
{"name":"hexo","hostname":"LamontMac","pid":90317,"level":20,"msg":"Database saved","time":"2018-11-19T14:47:30.749Z","v":0}
{"name":"hexo","hostname":"LamontMac","pid":90317,"level":40,"msg":"No layout: \u001b[35mindex.html\u001b[39m","time":"2018-11-19T14:47:42.880Z","v":0}
{"name":"hexo","hostname":"LamontMac","pid":90317,"level":30,"msg":"Good bye","time":"2018-11-19T14:47:49.274Z","v":0}
{"name":"hexo","hostname":"LamontMac","pid":90317,"level":20,"msg":"Database saved","time":"2018-11-19T14:47:49.283Z","v":0}
